<?xml version="1.0" encoding="UTF-8"?>
<testng-results skipped="0" failed="0" ignored="0" total="1" passed="1">
  <reporter-output>
  </reporter-output>
  <suite name="Suite" duration-ms="13162" started-at="2020-07-13T08:42:36Z" finished-at="2020-07-13T08:42:49Z">
    <groups>
    </groups>
    <test name="Test" duration-ms="13162" started-at="2020-07-13T08:42:36Z" finished-at="2020-07-13T08:42:49Z">
      <class name="dav.TestFactory.TestClass1">
        <test-method status="PASS" signature="init()[pri:0, instance:dav.TestFactory.TestClass1@226a82c4]" name="init" is-config="true" duration-ms="19" started-at="2020-07-13T08:42:36Z" finished-at="2020-07-13T08:42:36Z">
          <reporter-output>
          </reporter-output>
        </test-method> <!-- init -->
        <test-method status="PASS" signature="createDriver()[pri:0, instance:dav.TestFactory.TestClass1@226a82c4]" name="createDriver" is-config="true" duration-ms="1519" started-at="2020-07-13T08:42:36Z" finished-at="2020-07-13T08:42:38Z">
          <reporter-output>
          </reporter-output>
        </test-method> <!-- createDriver -->
        <test-method status="PASS" signature="operations()[pri:0, instance:dav.TestFactory.TestClass1@226a82c4]" name="operations" duration-ms="11539" started-at="2020-07-13T08:42:38Z" finished-at="2020-07-13T08:42:49Z">
          <reporter-output>
          </reporter-output>
        </test-method> <!-- operations -->
        <test-method status="PASS" signature="closeDriver()[pri:0, instance:dav.TestFactory.TestClass1@226a82c4]" name="closeDriver" is-config="true" duration-ms="82" started-at="2020-07-13T08:42:49Z" finished-at="2020-07-13T08:42:49Z">
          <reporter-output>
          </reporter-output>
        </test-method> <!-- closeDriver -->
      </class> <!-- dav.TestFactory.TestClass1 -->
    </test> <!-- Test -->
  </suite> <!-- Suite -->
</testng-results>
