<?xml version="1.0" encoding="UTF-8"?>
<testng-results skipped="0" failed="0" ignored="0" total="1" passed="1">
  <reporter-output>
  </reporter-output>
  <suite name="Suite" duration-ms="12317" started-at="2020-07-13T08:49:28Z" finished-at="2020-07-13T08:49:40Z">
    <groups>
    </groups>
    <test name="Test" duration-ms="12317" started-at="2020-07-13T08:49:28Z" finished-at="2020-07-13T08:49:40Z">
      <class name="dav.TestFactory.TestClass1">
        <test-method status="PASS" signature="init()[pri:0, instance:dav.TestFactory.TestClass1@b62fe6d]" name="init" is-config="true" duration-ms="20" started-at="2020-07-13T08:49:28Z" finished-at="2020-07-13T08:49:28Z">
          <reporter-output>
          </reporter-output>
        </test-method> <!-- init -->
        <test-method status="PASS" signature="createDriver()[pri:0, instance:dav.TestFactory.TestClass1@b62fe6d]" name="createDriver" is-config="true" duration-ms="1684" started-at="2020-07-13T08:49:28Z" finished-at="2020-07-13T08:49:30Z">
          <reporter-output>
          </reporter-output>
        </test-method> <!-- createDriver -->
        <test-method status="PASS" signature="operations()[pri:0, instance:dav.TestFactory.TestClass1@b62fe6d]" name="operations" duration-ms="10315" started-at="2020-07-13T08:49:30Z" finished-at="2020-07-13T08:49:40Z">
          <reporter-output>
          </reporter-output>
        </test-method> <!-- operations -->
        <test-method status="PASS" signature="closeDriver()[pri:0, instance:dav.TestFactory.TestClass1@b62fe6d]" name="closeDriver" is-config="true" duration-ms="278" started-at="2020-07-13T08:49:40Z" finished-at="2020-07-13T08:49:40Z">
          <reporter-output>
          </reporter-output>
        </test-method> <!-- closeDriver -->
      </class> <!-- dav.TestFactory.TestClass1 -->
    </test> <!-- Test -->
  </suite> <!-- Suite -->
</testng-results>
